\BOOKMARK [0][-]{chapter.1}{\376\377\000G\000r\000i\000d\000\040\000p\000o\000i\000n\000t\000s}{}% 1
\BOOKMARK [1][-]{section.1.1}{\376\377\000O\000n\000e\000\040\000p\000o\000i\000n\000t\000\040\000f\000o\000r\000\040\000q\000\040\000=\000\040\0001}{chapter.1}% 2
\BOOKMARK [1][-]{section.1.2}{\376\377\000T\000h\000r\000e\000e\000\040\000p\000o\000i\000n\000t\000s\000\040\000f\000o\000r\000\040\000q\000\040\000=\000\040\0001}{chapter.1}% 3
\BOOKMARK [0][-]{chapter.2}{\376\377\000P\000r\000o\000o\000f\000\040\000o\000f\000\040\000p\000r\000i\000n\000c\000i\000p\000l\000e}{}% 4
\BOOKMARK [1][-]{section.2.1}{\376\377\000O\000n\000e\000\040\000p\000o\000i\000n\000t\000\040\000f\000o\000r\000\040\000q\000\040\000=\000\040\0001}{chapter.2}% 5
\BOOKMARK [1][-]{section.2.2}{\376\377\000T\000h\000r\000e\000e\000\040\000p\000o\000i\000n\000t\000s\000\040\000f\000o\000r\000\040\000q\000\040\000=\000\040\0001\000.}{chapter.2}% 6
\BOOKMARK [1][-]{section.2.3}{\376\377\000H\000i\000g\000h\000e\000r\000\040\000d\000i\000m\000e\000n\000s\000i\000o\000n}{chapter.2}% 7
\BOOKMARK [0][-]{chapter.3}{\376\377\000A\000p\000p\000r\000o\000x\000i\000m\000a\000t\000e\000\040}{}% 8
\BOOKMARK [1][-]{section.3.1}{\376\377\000T\000h\000e\000\040\000f\000u\000n\000c\000t\000i\000o\000n\000s\000\040\000u\000s\000e\000d}{chapter.3}% 9
\BOOKMARK [1][-]{section.3.2}{\376\377\000I\000l\000l\000u\000s\000t\000r\000a\000t\000i\000o\000n\000\040\000o\000f\000\040\000t\000h\000e\000\040\000p\000r\000i\000n\000c\000i\000p\000l\000e\000\040\000o\000f\000\040\000a\000p\000p\000r\000o\000x\000i\000m\000a\000t\000i\000o\000n\000\040\000f\000o\000r\000\040\0002\000\040\000d\000i\000m\000e\000n\000s\000i\000o\000n\000s}{chapter.3}% 10
\BOOKMARK [0][-]{chapter.4}{\376\377\000S\000t\000a\000t\000i\000s\000t\000i\000c\000a\000l\000\040\000e\000v\000a\000l\000u\000a\000t\000i\000o\000n\000\040\000f\000o\000r\000\040\000e\000r\000r\000o\000r\000\040\000f\000o\000r\000\040\000p\000r\000o\000b\000a\000b\000i\000l\000i\000s\000t\000i\000c\000\040\000q\000u\000a\000d\000r\000a\000t\000u\000r\000e\000s}{}% 11
\BOOKMARK [1][-]{section.4.1}{\376\377\000F\000i\000r\000s\000t\000\040\000a\000p\000p\000r\000o\000x\000i\000m\000a\000t\000i\000o\000n\000\040\000o\000f\000\040\000d\000i\000s\000t\000r\000i\000b\000u\000t\000i\000o\000n}{chapter.4}% 12
\BOOKMARK [1][-]{section.4.2}{\376\377\000S\000t\000a\000t\000i\000s\000t\000i\000c\000a\000l\000\040\000p\000a\000r\000a\000m\000e\000t\000e\000r\000s\000\040\000o\000f\000\040\000d\000i\000s\000t\000r\000i\000b\000u\000t\000i\000o\000n\000\040\000o\000f\000\040\000r\000e\000s\000u\000l\000t\000s}{chapter.4}% 13
\BOOKMARK [0][-]{chapter.5}{\376\377\000E\000x\000a\000m\000p\000l\000e\000\040\0001\0005\000.\0002\000.\0006\000:\000\040\000P\000e\000r\000i\000o\000d\000i\000c\000\040\000F\000u\000n\000c\000t\000i\000o\000n\000s\000\040\000\050\000m\000o\000d\000i\000f\000i\000e\000d\000\051}{}% 14
\BOOKMARK [1][-]{section.5.1}{\376\377\000E\000x\000a\000m\000p\000l\000e\000\040\000o\000n\000\040\000p\000a\000g\000e\000\040\0003\0005\0008}{chapter.5}% 15
\BOOKMARK [1][-]{section.5.2}{\376\377\000E\000x\000a\000m\000p\000l\000e\000\040\0002\000:\000\040\000F\000u\000n\000c\000t\000i\000o\000n\000s\000\040\000i\000n\000\040\000f\000\040\000r\000\050\000[\0000\000,\0001\000]\000\051\000\040\000w\000i\000t\000h\000\040\000r\000\040\000>\000\040\0000\000\040\000a\000n\000d\000\040\000h\000i\000g\000h\000e\000r\000\040\000d\000i\000m\000e\000n\000s\000i\000o\000n\000s}{chapter.5}% 16
\BOOKMARK [0][-]{chapter.6}{\376\377\000E\000x\000a\000m\000p\000l\000e\000\040\0001\0005\000.\0003\000.\0008\000\040\000P\000e\000r\000t\000u\000b\000a\000t\000e\000d\000\040\000C\000o\000u\000l\000o\000m\000b\000\040\000P\000o\000t\000e\000n\000t\000i\000a\000l\000\040\000\050\000P\000C\000P\000\051}{}% 17
\BOOKMARK [1][-]{section.6.1}{\376\377\000R\000e\000s\000u\000l\000t\000s\000\040\000o\000f\000\040\000a\000p\000p\000r\000o\000x\000i\000m\000a\000t\000i\000o\000n\000s}{chapter.6}% 18
\BOOKMARK [1][-]{section.6.2}{\376\377\000E\000r\000r\000o\000r\000\040\000e\000s\000t\000i\000m\000a\000t\000i\000o\000n}{chapter.6}% 19
\BOOKMARK [1][-]{section.6.3}{\376\377\000A\000l\000g\000o\000r\000i\000t\000h\000m\000\040\000u\000s\000e\000d\000\040\000f\000o\000r\000\040\000c\000a\000l\000c\000u\000l\000a\000t\000i\000o\000n\000\040\000o\000f\000\040\000d\000a\000t\000a}{chapter.6}% 20
\BOOKMARK [0][-]{chapter.7}{\376\377\000V\000i\000e\000w}{}% 21
\BOOKMARK [1][-]{section.7.1}{\376\377\000O\000v\000e\000r\000v\000i\000e\000w\000\040\000o\000v\000e\000r\000\040\000m\000e\000t\000h\000o\000d\000s\000\040\000d\000e\000f\000i\000n\000e\000d\000\040\000f\000o\000r\000\040\000p\000r\000o\000j\000e\000c\000t}{chapter.7}% 22
\BOOKMARK [0][-]{chapter.8}{\376\377\000D\000o\000c\000u\000m\000e\000n\000t\000a\000t\000i\000o\000n}{}% 23
\BOOKMARK [0][-]{section*.25}{\376\377\000P\000y\000t\000h\000o\000n\000\040\000M\000o\000d\000u\000l\000e\000\040\000I\000n\000d\000e\000x}{}% 24
\BOOKMARK [0][-]{section*.26}{\376\377\000I\000n\000d\000e\000x}{}% 25
