This is pdfTeX, Version 3.14159265-2.6-1.40.20 (TeX Live 2019) (preloaded format=pdflatex 2020.3.27)  16 FEB 2021 23:09
entering extended mode
 restricted \write18 enabled.
 %&-line parsing enabled.
**studienprojekt.tex
(./studienprojekt.tex
LaTeX2e <2018-12-01>
(./sphinxmanual.cls
Document Class: sphinxmanual 2019/12/01 v2.3.0 Document class (Sphinx manual)
(/usr/local/texlive/2019/texmf-dist/tex/latex/base/report.cls
Document Class: report 2018/09/03 v1.4i Standard LaTeX document class
(/usr/local/texlive/2019/texmf-dist/tex/latex/base/size10.clo
File: size10.clo 2018/09/03 v1.4i Standard LaTeX file (size option)
)
\c@part=\count80
\c@chapter=\count81
\c@section=\count82
\c@subsection=\count83
\c@subsubsection=\count84
\c@paragraph=\count85
\c@subparagraph=\count86
\c@figure=\count87
\c@table=\count88
\abovecaptionskip=\skip41
\belowcaptionskip=\skip42
\bibindent=\dimen102
)
LaTeX Info: Redefining \and on input line 35.
)
(/usr/local/texlive/2019/texmf-dist/tex/latex/base/inputenc.sty
Package: inputenc 2018/08/11 v1.3c Input encoding file
\inpenc@prehook=\toks14
\inpenc@posthook=\toks15
)
   defining Unicode char U+00A0 (decimal 160)
   defining Unicode char U+2500 (decimal 9472)
   defining Unicode char U+2502 (decimal 9474)
   defining Unicode char U+2514 (decimal 9492)
   defining Unicode char U+251C (decimal 9500)
   defining Unicode char U+2572 (decimal 9586)

(/usr/local/texlive/2019/texmf-dist/tex/latex/cmap/cmap.sty
Package: cmap 2008/03/06 v1.0h CMap support: searchable PDF
)
(/usr/local/texlive/2019/texmf-dist/tex/latex/base/fontenc.sty
Package: fontenc 2018/08/11 v2.0j Standard LaTeX package

(/usr/local/texlive/2019/texmf-dist/tex/latex/base/t1enc.def
File: t1enc.def 2018/08/11 v2.0j Standard LaTeX file
LaTeX Font Info:    Redeclaring font encoding T1 on input line 48.
)<<t1.cmap>>)
(/usr/local/texlive/2019/texmf-dist/tex/latex/amsmath/amsmath.sty
Package: amsmath 2018/12/01 v2.17b AMS math features
\@mathmargin=\skip43

For additional information on amsmath, use the `?' option.
(/usr/local/texlive/2019/texmf-dist/tex/latex/amsmath/amstext.sty
Package: amstext 2000/06/29 v2.01 AMS text

(/usr/local/texlive/2019/texmf-dist/tex/latex/amsmath/amsgen.sty
File: amsgen.sty 1999/11/30 v2.0 generic functions
\@emptytoks=\toks16
\ex@=\dimen103
))
(/usr/local/texlive/2019/texmf-dist/tex/latex/amsmath/amsbsy.sty
Package: amsbsy 1999/11/29 v1.2d Bold Symbols
\pmbraise@=\dimen104
)
(/usr/local/texlive/2019/texmf-dist/tex/latex/amsmath/amsopn.sty
Package: amsopn 2016/03/08 v2.02 operator names
)
\inf@bad=\count89
LaTeX Info: Redefining \frac on input line 223.
\uproot@=\count90
\leftroot@=\count91
LaTeX Info: Redefining \overline on input line 385.
\classnum@=\count92
\DOTSCASE@=\count93
LaTeX Info: Redefining \ldots on input line 482.
LaTeX Info: Redefining \dots on input line 485.
LaTeX Info: Redefining \cdots on input line 606.
\Mathstrutbox@=\box27
\strutbox@=\box28
\big@size=\dimen105
LaTeX Font Info:    Redeclaring font encoding OML on input line 729.
LaTeX Font Info:    Redeclaring font encoding OMS on input line 730.
\macc@depth=\count94
\c@MaxMatrixCols=\count95
\dotsspace@=\muskip10
\c@parentequation=\count96
\dspbrk@lvl=\count97
\tag@help=\toks17
\row@=\count98
\column@=\count99
\maxfields@=\count100
\andhelp@=\toks18
\eqnshift@=\dimen106
\alignsep@=\dimen107
\tagshift@=\dimen108
\tagwidth@=\dimen109
\totwidth@=\dimen110
\lineht@=\dimen111
\@envbody=\toks19
\multlinegap=\skip44
\multlinetaggap=\skip45
\mathdisplay@stack=\toks20
LaTeX Info: Redefining \[ on input line 2844.
LaTeX Info: Redefining \] on input line 2845.
)
(/usr/local/texlive/2019/texmf-dist/tex/latex/amsfonts/amssymb.sty
Package: amssymb 2013/01/14 v3.01 AMS font symbols

(/usr/local/texlive/2019/texmf-dist/tex/latex/amsfonts/amsfonts.sty
Package: amsfonts 2013/01/14 v3.01 Basic AMSFonts support
\symAMSa=\mathgroup4
\symAMSb=\mathgroup5
LaTeX Font Info:    Overwriting math alphabet `\mathfrak' in version `bold'
(Font)                  U/euf/m/n --> U/euf/b/n on input line 106.
))
(/usr/local/texlive/2019/texmf-dist/tex/generic/babel/babel.sty
Package: babel 2019/05/04 3.31 The Babel package

(/usr/local/texlive/2019/texmf-dist/tex/generic/babel/switch.def
File: switch.def 2019/05/04 3.31 Babel switching mechanism
)
(/usr/local/texlive/2019/texmf-dist/tex/generic/babel-english/english.ldf
Language: english 2017/06/06 v3.3r English support from the babel system

(/usr/local/texlive/2019/texmf-dist/tex/generic/babel/babel.def
File: babel.def 2019/05/04 3.31 Babel common definitions
\babel@savecnt=\count101
\U@D=\dimen112

(/usr/local/texlive/2019/texmf-dist/tex/generic/babel/txtbabel.def)
\bbl@dirlevel=\count102
)
\l@canadian = a dialect from \language\l@american 
\l@australian = a dialect from \language\l@british 
\l@newzealand = a dialect from \language\l@british 
))
(/usr/local/texlive/2019/texmf-dist/tex/latex/psnfss/times.sty
Package: times 2005/04/12 PSNFSS-v9.2a (SPQR) 
)
(/usr/local/texlive/2019/texmf-dist/tex/latex/fncychap/fncychap.sty
Package: fncychap 2007/07/30 v1.34 LaTeX package (Revised chapters)
\RW=\skip46
\mylen=\skip47
\myhi=\skip48
\px=\skip49
\py=\skip50
\pyy=\skip51
\pxx=\skip52
\c@AlphaCnt=\count103
\c@AlphaDecCnt=\count104
)
(./sphinx.sty
Package: sphinx 2019/09/02 v2.3.0 LaTeX package (Sphinx markup)

(/usr/local/texlive/2019/texmf-dist/tex/generic/oberdiek/ltxcmds.sty
Package: ltxcmds 2016/05/16 v1.23 LaTeX kernel commands for general use (HO)
)
(/usr/local/texlive/2019/texmf-dist/tex/latex/graphics/graphicx.sty
Package: graphicx 2017/06/01 v1.1a Enhanced LaTeX Graphics (DPC,SPQR)

(/usr/local/texlive/2019/texmf-dist/tex/latex/graphics/keyval.sty
Package: keyval 2014/10/28 v1.15 key=value parser (DPC)
\KV@toks@=\toks21
)
(/usr/local/texlive/2019/texmf-dist/tex/latex/graphics/graphics.sty
Package: graphics 2017/06/25 v1.2c Standard LaTeX Graphics (DPC,SPQR)

(/usr/local/texlive/2019/texmf-dist/tex/latex/graphics/trig.sty
Package: trig 2016/01/03 v1.10 sin cos tan (DPC)
)
(/usr/local/texlive/2019/texmf-dist/tex/latex/graphics-cfg/graphics.cfg
File: graphics.cfg 2016/06/04 v1.11 sample graphics configuration
)
Package graphics Info: Driver file: pdftex.def on input line 99.

(/usr/local/texlive/2019/texmf-dist/tex/latex/graphics-def/pdftex.def
File: pdftex.def 2018/01/08 v1.0l Graphics/color driver for pdftex
))
\Gin@req@height=\dimen113
\Gin@req@width=\dimen114
)
(/usr/local/texlive/2019/texmf-dist/tex/latex/fancyhdr/fancyhdr.sty
Package: fancyhdr 2019/01/31 v3.10 Extensive control of page headers and footer
s
\f@nch@headwidth=\skip53
\f@nch@O@elh=\skip54
\f@nch@O@erh=\skip55
\f@nch@O@olh=\skip56
\f@nch@O@orh=\skip57
\f@nch@O@elf=\skip58
\f@nch@O@erf=\skip59
\f@nch@O@olf=\skip60
\f@nch@O@orf=\skip61
)
(/usr/local/texlive/2019/texmf-dist/tex/latex/base/textcomp.sty
Package: textcomp 2018/08/11 v2.0j Standard LaTeX package
Package textcomp Info: Sub-encoding information:
(textcomp)               5 = only ISO-Adobe without \textcurrency
(textcomp)               4 = 5 + \texteuro
(textcomp)               3 = 4 + \textohm
(textcomp)               2 = 3 + \textestimated + \textcurrency
(textcomp)               1 = TS1 - \textcircled - \t
(textcomp)               0 = TS1 (full)
(textcomp)             Font families with sub-encoding setting implement
(textcomp)             only a restricted character set as indicated.
(textcomp)             Family '?' is the default used for unknown fonts.
(textcomp)             See the documentation for details.
Package textcomp Info: Setting ? sub-encoding to TS1/1 on input line 79.

(/usr/local/texlive/2019/texmf-dist/tex/latex/base/ts1enc.def
File: ts1enc.def 2001/06/05 v3.0e (jk/car/fm) Standard LaTeX file
Now handling font encoding TS1 ...
... processing UTF-8 mapping file for font encoding TS1

(/usr/local/texlive/2019/texmf-dist/tex/latex/base/ts1enc.dfu
File: ts1enc.dfu 2018/10/05 v1.2f UTF-8 support for inputenc
   defining Unicode char U+00A2 (decimal 162)
   defining Unicode char U+00A3 (decimal 163)
   defining Unicode char U+00A4 (decimal 164)
   defining Unicode char U+00A5 (decimal 165)
   defining Unicode char U+00A6 (decimal 166)
   defining Unicode char U+00A7 (decimal 167)
   defining Unicode char U+00A8 (decimal 168)
   defining Unicode char U+00A9 (decimal 169)
   defining Unicode char U+00AA (decimal 170)
   defining Unicode char U+00AC (decimal 172)
   defining Unicode char U+00AE (decimal 174)
   defining Unicode char U+00AF (decimal 175)
   defining Unicode char U+00B0 (decimal 176)
   defining Unicode char U+00B1 (decimal 177)
   defining Unicode char U+00B2 (decimal 178)
   defining Unicode char U+00B3 (decimal 179)
   defining Unicode char U+00B4 (decimal 180)
   defining Unicode char U+00B5 (decimal 181)
   defining Unicode char U+00B6 (decimal 182)
   defining Unicode char U+00B7 (decimal 183)
   defining Unicode char U+00B9 (decimal 185)
   defining Unicode char U+00BA (decimal 186)
   defining Unicode char U+00BC (decimal 188)
   defining Unicode char U+00BD (decimal 189)
   defining Unicode char U+00BE (decimal 190)
   defining Unicode char U+00D7 (decimal 215)
   defining Unicode char U+00F7 (decimal 247)
   defining Unicode char U+0192 (decimal 402)
   defining Unicode char U+02C7 (decimal 711)
   defining Unicode char U+02D8 (decimal 728)
   defining Unicode char U+02DD (decimal 733)
   defining Unicode char U+0E3F (decimal 3647)
   defining Unicode char U+2016 (decimal 8214)
   defining Unicode char U+2020 (decimal 8224)
   defining Unicode char U+2021 (decimal 8225)
   defining Unicode char U+2022 (decimal 8226)
   defining Unicode char U+2030 (decimal 8240)
   defining Unicode char U+2031 (decimal 8241)
   defining Unicode char U+203B (decimal 8251)
   defining Unicode char U+203D (decimal 8253)
   defining Unicode char U+2044 (decimal 8260)
   defining Unicode char U+204E (decimal 8270)
   defining Unicode char U+2052 (decimal 8274)
   defining Unicode char U+20A1 (decimal 8353)
   defining Unicode char U+20A4 (decimal 8356)
   defining Unicode char U+20A6 (decimal 8358)
   defining Unicode char U+20A9 (decimal 8361)
   defining Unicode char U+20AB (decimal 8363)
   defining Unicode char U+20AC (decimal 8364)
   defining Unicode char U+20B1 (decimal 8369)
   defining Unicode char U+2103 (decimal 8451)
   defining Unicode char U+2116 (decimal 8470)
   defining Unicode char U+2117 (decimal 8471)
   defining Unicode char U+211E (decimal 8478)
   defining Unicode char U+2120 (decimal 8480)
   defining Unicode char U+2122 (decimal 8482)
   defining Unicode char U+2126 (decimal 8486)
   defining Unicode char U+2127 (decimal 8487)
   defining Unicode char U+212E (decimal 8494)
   defining Unicode char U+2190 (decimal 8592)
   defining Unicode char U+2191 (decimal 8593)
   defining Unicode char U+2192 (decimal 8594)
   defining Unicode char U+2193 (decimal 8595)
   defining Unicode char U+2329 (decimal 9001)
   defining Unicode char U+232A (decimal 9002)
   defining Unicode char U+2422 (decimal 9250)
   defining Unicode char U+25E6 (decimal 9702)
   defining Unicode char U+25EF (decimal 9711)
   defining Unicode char U+266A (decimal 9834)
   defining Unicode char U+FEFF (decimal 65279)
))
LaTeX Info: Redefining \oldstylenums on input line 334.
Package textcomp Info: Setting cmr sub-encoding to TS1/0 on input line 349.
Package textcomp Info: Setting cmss sub-encoding to TS1/0 on input line 350.
Package textcomp Info: Setting cmtt sub-encoding to TS1/0 on input line 351.
Package textcomp Info: Setting cmvtt sub-encoding to TS1/0 on input line 352.
Package textcomp Info: Setting cmbr sub-encoding to TS1/0 on input line 353.
Package textcomp Info: Setting cmtl sub-encoding to TS1/0 on input line 354.
Package textcomp Info: Setting ccr sub-encoding to TS1/0 on input line 355.
Package textcomp Info: Setting ptm sub-encoding to TS1/4 on input line 356.
Package textcomp Info: Setting pcr sub-encoding to TS1/4 on input line 357.
Package textcomp Info: Setting phv sub-encoding to TS1/4 on input line 358.
Package textcomp Info: Setting ppl sub-encoding to TS1/3 on input line 359.
Package textcomp Info: Setting pag sub-encoding to TS1/4 on input line 360.
Package textcomp Info: Setting pbk sub-encoding to TS1/4 on input line 361.
Package textcomp Info: Setting pnc sub-encoding to TS1/4 on input line 362.
Package textcomp Info: Setting pzc sub-encoding to TS1/4 on input line 363.
Package textcomp Info: Setting bch sub-encoding to TS1/4 on input line 364.
Package textcomp Info: Setting put sub-encoding to TS1/5 on input line 365.
Package textcomp Info: Setting uag sub-encoding to TS1/5 on input line 366.
Package textcomp Info: Setting ugq sub-encoding to TS1/5 on input line 367.
Package textcomp Info: Setting ul8 sub-encoding to TS1/4 on input line 368.
Package textcomp Info: Setting ul9 sub-encoding to TS1/4 on input line 369.
Package textcomp Info: Setting augie sub-encoding to TS1/5 on input line 370.
Package textcomp Info: Setting dayrom sub-encoding to TS1/3 on input line 371.
Package textcomp Info: Setting dayroms sub-encoding to TS1/3 on input line 372.

Package textcomp Info: Setting pxr sub-encoding to TS1/0 on input line 373.
Package textcomp Info: Setting pxss sub-encoding to TS1/0 on input line 374.
Package textcomp Info: Setting pxtt sub-encoding to TS1/0 on input line 375.
Package textcomp Info: Setting txr sub-encoding to TS1/0 on input line 376.
Package textcomp Info: Setting txss sub-encoding to TS1/0 on input line 377.
Package textcomp Info: Setting txtt sub-encoding to TS1/0 on input line 378.
Package textcomp Info: Setting lmr sub-encoding to TS1/0 on input line 379.
Package textcomp Info: Setting lmdh sub-encoding to TS1/0 on input line 380.
Package textcomp Info: Setting lmss sub-encoding to TS1/0 on input line 381.
Package textcomp Info: Setting lmssq sub-encoding to TS1/0 on input line 382.
Package textcomp Info: Setting lmvtt sub-encoding to TS1/0 on input line 383.
Package textcomp Info: Setting lmtt sub-encoding to TS1/0 on input line 384.
Package textcomp Info: Setting qhv sub-encoding to TS1/0 on input line 385.
Package textcomp Info: Setting qag sub-encoding to TS1/0 on input line 386.
Package textcomp Info: Setting qbk sub-encoding to TS1/0 on input line 387.
Package textcomp Info: Setting qcr sub-encoding to TS1/0 on input line 388.
Package textcomp Info: Setting qcs sub-encoding to TS1/0 on input line 389.
Package textcomp Info: Setting qpl sub-encoding to TS1/0 on input line 390.
Package textcomp Info: Setting qtm sub-encoding to TS1/0 on input line 391.
Package textcomp Info: Setting qzc sub-encoding to TS1/0 on input line 392.
Package textcomp Info: Setting qhvc sub-encoding to TS1/0 on input line 393.
Package textcomp Info: Setting futs sub-encoding to TS1/4 on input line 394.
Package textcomp Info: Setting futx sub-encoding to TS1/4 on input line 395.
Package textcomp Info: Setting futj sub-encoding to TS1/4 on input line 396.
Package textcomp Info: Setting hlh sub-encoding to TS1/3 on input line 397.
Package textcomp Info: Setting hls sub-encoding to TS1/3 on input line 398.
Package textcomp Info: Setting hlst sub-encoding to TS1/3 on input line 399.
Package textcomp Info: Setting hlct sub-encoding to TS1/5 on input line 400.
Package textcomp Info: Setting hlx sub-encoding to TS1/5 on input line 401.
Package textcomp Info: Setting hlce sub-encoding to TS1/5 on input line 402.
Package textcomp Info: Setting hlcn sub-encoding to TS1/5 on input line 403.
Package textcomp Info: Setting hlcw sub-encoding to TS1/5 on input line 404.
Package textcomp Info: Setting hlcf sub-encoding to TS1/5 on input line 405.
Package textcomp Info: Setting pplx sub-encoding to TS1/3 on input line 406.
Package textcomp Info: Setting pplj sub-encoding to TS1/3 on input line 407.
Package textcomp Info: Setting ptmx sub-encoding to TS1/4 on input line 408.
Package textcomp Info: Setting ptmj sub-encoding to TS1/4 on input line 409.
)
(/usr/local/texlive/2019/texmf-dist/tex/latex/titlesec/titlesec.sty
Package: titlesec 2016/03/21 v2.10.2 Sectioning titles
\ttl@box=\box29
\beforetitleunit=\skip62
\aftertitleunit=\skip63
\ttl@plus=\dimen115
\ttl@minus=\dimen116
\ttl@toksa=\toks22
\titlewidth=\dimen117
\titlewidthlast=\dimen118
\titlewidthfirst=\dimen119
)
(/usr/local/texlive/2019/texmf-dist/tex/latex/tabulary/tabulary.sty
Package: tabulary 2014/06/11 v0.10 tabulary package (DPC)

(/usr/local/texlive/2019/texmf-dist/tex/latex/tools/array.sty
Package: array 2018/12/30 v2.4k Tabular extension package (FMi)
\col@sep=\dimen120
\ar@mcellbox=\box30
\extrarowheight=\dimen121
\NC@list=\toks23
\extratabsurround=\skip64
\backup@length=\skip65
\ar@cellbox=\box31
)
\TY@count=\count105
\TY@linewidth=\dimen122
\tymin=\dimen123
\tymax=\dimen124
\TY@tablewidth=\dimen125
)
(/usr/local/texlive/2019/texmf-dist/tex/latex/tools/longtable.sty
Package: longtable 2014/10/28 v4.11 Multi-page Table package (DPC)+ FMi change
\LTleft=\skip66
\LTright=\skip67
\LTpre=\skip68
\LTpost=\skip69
\LTchunksize=\count106
\LTcapwidth=\dimen126
\LT@head=\box32
\LT@firsthead=\box33
\LT@foot=\box34
\LT@lastfoot=\box35
\LT@cols=\count107
\LT@rows=\count108
\c@LT@tables=\count109
\c@LT@chunks=\count110
\LT@p@ftn=\toks24
)
(/usr/local/texlive/2019/texmf-dist/tex/latex/varwidth/varwidth.sty
Package: varwidth 2009/03/30 ver 0.92;  Variable-width minipages
\@vwid@box=\box36
\sift@deathcycles=\count111
\@vwid@loff=\dimen127
\@vwid@roff=\dimen128
)
(./sphinxmulticell.sty
Package: sphinxmulticell 2017/02/23 v1.6 better span rows and columns of a tabl
e (Sphinx team)
\sphinx@TY@tablewidth=\dimen129
)
(/usr/local/texlive/2019/texmf-dist/tex/latex/base/makeidx.sty
Package: makeidx 2014/09/29 v1.0m Standard LaTeX package
)
(/usr/local/texlive/2019/texmf-dist/tex/latex/framed/framed.sty
Package: framed 2011/10/22 v 0.96: framed or shaded text with page breaks
\OuterFrameSep=\skip70
\fb@frw=\dimen130
\fb@frh=\dimen131
\FrameRule=\dimen132
\FrameSep=\dimen133
)
(/usr/local/texlive/2019/texmf-dist/tex/latex/xcolor/xcolor.sty
Package: xcolor 2016/05/11 v2.12 LaTeX color extensions (UK)

(/usr/local/texlive/2019/texmf-dist/tex/latex/graphics-cfg/color.cfg
File: color.cfg 2016/01/02 v1.6 sample color configuration
)
Package xcolor Info: Driver file: pdftex.def on input line 225.
Package xcolor Info: Model `cmy' substituted by `cmy0' on input line 1348.
Package xcolor Info: Model `hsb' substituted by `rgb' on input line 1352.
Package xcolor Info: Model `RGB' extended on input line 1364.
Package xcolor Info: Model `HTML' substituted by `rgb' on input line 1366.
Package xcolor Info: Model `Hsb' substituted by `hsb' on input line 1367.
Package xcolor Info: Model `tHsb' substituted by `hsb' on input line 1368.
Package xcolor Info: Model `HSB' substituted by `hsb' on input line 1369.
Package xcolor Info: Model `Gray' substituted by `gray' on input line 1370.
Package xcolor Info: Model `wave' substituted by `hsb' on input line 1371.
)
(/usr/local/texlive/2019/texmf-dist/tex/latex/fancyvrb/fancyvrb.sty
Package: fancyvrb 2019/01/15

Style option: `fancyvrb' v3.2a <2019/01/15> (tvz)
\FV@CodeLineNo=\count112
\FV@InFile=\read1
\FV@TabBox=\box37
\c@FancyVerbLine=\count113
\FV@StepNumber=\count114
\FV@OutFile=\write3
) (./footnotehyper-sphinx.sty
Package: footnotehyper-sphinx 2017/10/27 v1.7 hyperref aware footnote.sty for s
phinx (JFB)
\FNH@notes=\box38
\FNH@width=\dimen134
) (/usr/local/texlive/2019/texmf-dist/tex/latex/float/float.sty
Package: float 2001/11/08 v1.3d Float enhancements (AL)
\c@float@type=\count115
\float@exts=\toks25
\float@box=\box39
\@float@everytoks=\toks26
\@floatcapt=\box40
)
(/usr/local/texlive/2019/texmf-dist/tex/latex/wrapfig/wrapfig.sty
\wrapoverhang=\dimen135
\WF@size=\dimen136
\c@WF@wrappedlines=\count116
\WF@box=\box41
\WF@everypar=\toks27
Package: wrapfig 2003/01/31  v 3.6
)
(/usr/local/texlive/2019/texmf-dist/tex/latex/parskip/parskip.sty
Rollback for package 'parskip' requested -> version 'v1'.
         This corresponds to the release introduced on 2001-04-09.

(/usr/local/texlive/2019/texmf-dist/tex/latex/parskip/parskip-2001-04-09.sty
Package: parskip 2001/04/09 non-zero parskip adjustments
))
(/usr/local/texlive/2019/texmf-dist/tex/latex/base/alltt.sty
Package: alltt 1997/06/16 v2.0g defines alltt environment
)
(/usr/local/texlive/2019/texmf-dist/tex/latex/upquote/upquote.sty
Package: upquote 2012/04/19 v1.3 upright-quote and grave-accent glyphs in verba
tim
)
(/usr/local/texlive/2019/texmf-dist/tex/latex/capt-of/capt-of.sty
Package: capt-of 2009/12/29 v0.2 standard captions outside of floats
)
(/usr/local/texlive/2019/texmf-dist/tex/latex/needspace/needspace.sty
Package: needspace 2010/09/12 v1.3d reserve vertical space
)
(./sphinxhighlight.sty
Package: sphinxhighlight 2016/05/29 stylesheet for highlighting with pygments
)
(/usr/local/texlive/2019/texmf-dist/tex/latex/oberdiek/kvoptions.sty
Package: kvoptions 2016/05/16 v3.12 Key value format for package options (HO)

(/usr/local/texlive/2019/texmf-dist/tex/generic/oberdiek/kvsetkeys.sty
Package: kvsetkeys 2016/05/16 v1.17 Key value parser (HO)

(/usr/local/texlive/2019/texmf-dist/tex/generic/oberdiek/infwarerr.sty
Package: infwarerr 2016/05/16 v1.4 Providing info/warning/error messages (HO)
)
(/usr/local/texlive/2019/texmf-dist/tex/generic/oberdiek/etexcmds.sty
Package: etexcmds 2016/05/16 v1.6 Avoid name clashes with e-TeX commands (HO)

(/usr/local/texlive/2019/texmf-dist/tex/generic/oberdiek/ifluatex.sty
Package: ifluatex 2016/05/16 v1.4 Provides the ifluatex switch (HO)
Package ifluatex Info: LuaTeX not detected.
))))
\sphinxverbatimsep=\dimen137
\sphinxverbatimborder=\dimen138
\sphinxshadowsep=\dimen139
\sphinxshadowsize=\dimen140
\sphinxshadowrule=\dimen141
\spx@notice@border=\dimen142
\spx@image@maxheight=\dimen143
\spx@image@box=\dimen144
\c@literalblock=\count117
\sphinxcontinuationbox=\box42
\sphinxvisiblespacebox=\box43
\sphinxVerbatim@TitleBox=\box44
\sphinxVerbatim@ContentsBox=\box45
\py@argswidth=\skip71
\lineblockindentation=\skip72
\DUlineblockindent=\skip73
)
(/usr/local/texlive/2019/texmf-dist/tex/latex/geometry/geometry.sty
Package: geometry 2018/04/16 v5.8 Page Geometry

(/usr/local/texlive/2019/texmf-dist/tex/generic/oberdiek/ifpdf.sty
Package: ifpdf 2018/09/07 v3.3 Provides the ifpdf switch
)
(/usr/local/texlive/2019/texmf-dist/tex/generic/oberdiek/ifvtex.sty
Package: ifvtex 2016/05/16 v1.6 Detect VTeX and its facilities (HO)
Package ifvtex Info: VTeX not detected.
)
(/usr/local/texlive/2019/texmf-dist/tex/generic/ifxetex/ifxetex.sty
Package: ifxetex 2010/09/12 v0.6 Provides ifxetex conditional
)
\Gm@cnth=\count118
\Gm@cntv=\count119
\c@Gm@tempcnt=\count120
\Gm@bindingoffset=\dimen145
\Gm@wd@mp=\dimen146
\Gm@odd@mp=\dimen147
\Gm@even@mp=\dimen148
\Gm@layoutwidth=\dimen149
\Gm@layoutheight=\dimen150
\Gm@layouthoffset=\dimen151
\Gm@layoutvoffset=\dimen152
\Gm@dimlist=\toks28
)
(/usr/local/texlive/2019/texmf-dist/tex/latex/hyperref/hyperref.sty
Package: hyperref 2018/11/30 v6.88e Hypertext links for LaTeX

(/usr/local/texlive/2019/texmf-dist/tex/generic/oberdiek/hobsub-hyperref.sty
Package: hobsub-hyperref 2016/05/16 v1.14 Bundle oberdiek, subset hyperref (HO)


(/usr/local/texlive/2019/texmf-dist/tex/generic/oberdiek/hobsub-generic.sty
Package: hobsub-generic 2016/05/16 v1.14 Bundle oberdiek, subset generic (HO)
Package: hobsub 2016/05/16 v1.14 Construct package bundles (HO)
Package hobsub Info: Skipping package `infwarerr' (already loaded).
Package hobsub Info: Skipping package `ltxcmds' (already loaded).
Package hobsub Info: Skipping package `ifluatex' (already loaded).
Package hobsub Info: Skipping package `ifvtex' (already loaded).
Package: intcalc 2016/05/16 v1.2 Expandable calculations with integers (HO)
Package hobsub Info: Skipping package `ifpdf' (already loaded).
Package hobsub Info: Skipping package `etexcmds' (already loaded).
Package hobsub Info: Skipping package `kvsetkeys' (already loaded).
Package: kvdefinekeys 2016/05/16 v1.4 Define keys (HO)
Package: pdftexcmds 2018/09/10 v0.29 Utility functions of pdfTeX for LuaTeX (HO
)
Package pdftexcmds Info: LuaTeX not detected.
Package pdftexcmds Info: \pdf@primitive is available.
Package pdftexcmds Info: \pdf@ifprimitive is available.
Package pdftexcmds Info: \pdfdraftmode found.
Package: pdfescape 2016/05/16 v1.14 Implements pdfTeX's escape features (HO)
Package: bigintcalc 2016/05/16 v1.4 Expandable calculations on big integers (HO
)
Package: bitset 2016/05/16 v1.2 Handle bit-vector datatype (HO)
Package: uniquecounter 2016/05/16 v1.3 Provide unlimited unique counter (HO)
)
Package hobsub Info: Skipping package `hobsub' (already loaded).
Package: letltxmacro 2016/05/16 v1.5 Let assignment for LaTeX macros (HO)
Package: hopatch 2016/05/16 v1.3 Wrapper for package hooks (HO)
Package: xcolor-patch 2016/05/16 xcolor patch
Package: atveryend 2016/05/16 v1.9 Hooks at the very end of document (HO)
Package atveryend Info: \enddocument detected (standard20110627).
Package: atbegshi 2016/06/09 v1.18 At begin shipout hook (HO)
Package: refcount 2016/05/16 v3.5 Data extraction from label references (HO)
Package: hycolor 2016/05/16 v1.8 Color options for hyperref/bookmark (HO)
)
(/usr/local/texlive/2019/texmf-dist/tex/latex/oberdiek/auxhook.sty
Package: auxhook 2016/05/16 v1.4 Hooks for auxiliary files (HO)
)
\@linkdim=\dimen153
\Hy@linkcounter=\count121
\Hy@pagecounter=\count122

(/usr/local/texlive/2019/texmf-dist/tex/latex/hyperref/pd1enc.def
File: pd1enc.def 2018/11/30 v6.88e Hyperref: PDFDocEncoding definition (HO)
Now handling font encoding PD1 ...
... no UTF-8 mapping file for font encoding PD1
)
\Hy@SavedSpaceFactor=\count123

(/usr/local/texlive/2019/texmf-dist/tex/latex/latexconfig/hyperref.cfg
File: hyperref.cfg 2002/06/06 v1.2 hyperref configuration of TeXLive
)
Package hyperref Info: Option `unicode' set `true' on input line 4393.

(/usr/local/texlive/2019/texmf-dist/tex/latex/hyperref/puenc.def
File: puenc.def 2018/11/30 v6.88e Hyperref: PDF Unicode definition (HO)
Now handling font encoding PU ...
... no UTF-8 mapping file for font encoding PU
)
Package hyperref Info: Option `colorlinks' set `true' on input line 4393.
Package hyperref Info: Option `breaklinks' set `true' on input line 4393.
Package hyperref Info: Hyper figures OFF on input line 4519.
Package hyperref Info: Link nesting OFF on input line 4524.
Package hyperref Info: Hyper index ON on input line 4527.
Package hyperref Info: Plain pages OFF on input line 4534.
Package hyperref Info: Backreferencing OFF on input line 4539.
Package hyperref Info: Implicit mode ON; LaTeX internals redefined.
Package hyperref Info: Bookmarks ON on input line 4772.
\c@Hy@tempcnt=\count124

(/usr/local/texlive/2019/texmf-dist/tex/latex/url/url.sty
\Urlmuskip=\muskip11
Package: url 2013/09/16  ver 3.4  Verb mode for urls, etc.
)
LaTeX Info: Redefining \url on input line 5125.
\XeTeXLinkMargin=\dimen154
\Fld@menulength=\count125
\Field@Width=\dimen155
\Fld@charsize=\dimen156
Package hyperref Info: Hyper figures OFF on input line 6380.
Package hyperref Info: Link nesting OFF on input line 6385.
Package hyperref Info: Hyper index ON on input line 6388.
Package hyperref Info: backreferencing OFF on input line 6395.
Package hyperref Info: Link coloring ON on input line 6398.
Package hyperref Info: Link coloring with OCG OFF on input line 6405.
Package hyperref Info: PDF/A mode OFF on input line 6410.
LaTeX Info: Redefining \ref on input line 6450.
LaTeX Info: Redefining \pageref on input line 6454.
\Hy@abspage=\count126
\c@Item=\count127
\c@Hfootnote=\count128
)
Package hyperref Info: Driver (autodetected): hpdftex.

(/usr/local/texlive/2019/texmf-dist/tex/latex/hyperref/hpdftex.def
File: hpdftex.def 2018/11/30 v6.88e Hyperref driver for pdfTeX
\Fld@listcount=\count129
\c@bookmark@seq@number=\count130

(/usr/local/texlive/2019/texmf-dist/tex/latex/oberdiek/rerunfilecheck.sty
Package: rerunfilecheck 2016/05/16 v1.8 Rerun checks for auxiliary files (HO)
Package uniquecounter Info: New unique counter `rerunfilecheck' on input line 2
82.
)
\Hy@SectionHShift=\skip74
)
(/usr/local/texlive/2019/texmf-dist/tex/latex/oberdiek/hypcap.sty
Package: hypcap 2016/05/16 v1.12 Adjusting the anchors of captions (HO)
)
(./sphinxmessages.sty
Package: sphinxmessages 2019/01/04 v2.0 Localized LaTeX macros (Sphinx team)
)
\nbsphinxpromptbox=\box46
\nbsphinxcodecellspacing=\skip75
\nbsphinxbox=\box47
\nbsphinx@image@maxheight=\dimen157
\@indexfile=\write4
\openout4 = `studienprojekt.idx'.


Writing index file studienprojekt.idx
(./studienprojekt.aux)
\openout1 = `studienprojekt.aux'.

LaTeX Font Info:    Checking defaults for OML/cmm/m/it on input line 224.
LaTeX Font Info:    ... okay on input line 224.
LaTeX Font Info:    Checking defaults for T1/cmr/m/n on input line 224.
LaTeX Font Info:    ... okay on input line 224.
LaTeX Font Info:    Checking defaults for OT1/cmr/m/n on input line 224.
LaTeX Font Info:    ... okay on input line 224.
LaTeX Font Info:    Checking defaults for OMS/cmsy/m/n on input line 224.
LaTeX Font Info:    ... okay on input line 224.
LaTeX Font Info:    Checking defaults for OMX/cmex/m/n on input line 224.
LaTeX Font Info:    ... okay on input line 224.
LaTeX Font Info:    Checking defaults for U/cmr/m/n on input line 224.
LaTeX Font Info:    ... okay on input line 224.
LaTeX Font Info:    Checking defaults for TS1/cmr/m/n on input line 224.
LaTeX Font Info:    Try loading font information for TS1+cmr on input line 224.


(/usr/local/texlive/2019/texmf-dist/tex/latex/base/ts1cmr.fd
File: ts1cmr.fd 2014/09/29 v2.5h Standard LaTeX font definitions
)
LaTeX Font Info:    ... okay on input line 224.
LaTeX Font Info:    Checking defaults for PD1/pdf/m/n on input line 224.
LaTeX Font Info:    ... okay on input line 224.
LaTeX Font Info:    Checking defaults for PU/pdf/m/n on input line 224.
LaTeX Font Info:    ... okay on input line 224.
LaTeX Font Info:    Try loading font information for T1+ptm on input line 224.

(/usr/local/texlive/2019/texmf-dist/tex/latex/psnfss/t1ptm.fd
File: t1ptm.fd 2001/06/04 font definitions for T1/ptm.
)
(/usr/local/texlive/2019/texmf-dist/tex/context/base/mkii/supp-pdf.mkii
[Loading MPS to PDF converter (version 2006.09.02).]
\scratchcounter=\count131
\scratchdimen=\dimen158
\scratchbox=\box48
\nofMPsegments=\count132
\nofMParguments=\count133
\everyMPshowfont=\toks29
\MPscratchCnt=\count134
\MPscratchDim=\dimen159
\MPnumerator=\count135
\makeMPintoPDFobject=\count136
\everyMPtoPDFconversion=\toks30
) (/usr/local/texlive/2019/texmf-dist/tex/latex/oberdiek/epstopdf-base.sty
Package: epstopdf-base 2016/05/15 v2.6 Base part for package epstopdf

(/usr/local/texlive/2019/texmf-dist/tex/latex/oberdiek/grfext.sty
Package: grfext 2016/05/16 v1.2 Manage graphics extensions (HO)
)
Package epstopdf-base Info: Redefining graphics rule for `.eps' on input line 4
38.
Package grfext Info: Graphics extension search list:
(grfext)             [.pdf,.png,.jpg,.mps,.jpeg,.jbig2,.jb2,.PDF,.PNG,.JPG,.JPE
G,.JBIG2,.JB2,.eps]
(grfext)             \AppendGraphicsExtensions on input line 456.

(/usr/local/texlive/2019/texmf-dist/tex/latex/latexconfig/epstopdf-sys.cfg
File: epstopdf-sys.cfg 2010/07/13 v1.3 Configuration of (r)epstopdf for TeX Liv
e
))
*geometry* driver: auto-detecting
*geometry* detected driver: pdftex
*geometry* verbose mode - [ preamble ] result:
* driver: pdftex
* paper: letterpaper
* layout: <same size as paper>
* layoutoffset:(h,v)=(0.0pt,0.0pt)
* modes: twoside 
* h-part:(L,W,R)=(72.26999pt, 469.75502pt, 72.26999pt)
* v-part:(T,H,B)=(72.26999pt, 650.43001pt, 72.26999pt)
* \paperwidth=614.295pt
* \paperheight=794.96999pt
* \textwidth=469.75502pt
* \textheight=650.43001pt
* \oddsidemargin=0.0pt
* \evensidemargin=0.0pt
* \topmargin=-37.0pt
* \headheight=12.0pt
* \headsep=25.0pt
* \topskip=10.0pt
* \footskip=30.0pt
* \marginparwidth=36.135pt
* \marginparsep=11.0pt
* \columnsep=10.0pt
* \skip\footins=9.0pt plus 4.0pt minus 2.0pt
* \hoffset=0.0pt
* \voffset=0.0pt
* \mag=1000
* \@twocolumnfalse
* \@twosidetrue
* \@mparswitchtrue
* \@reversemarginfalse
* (1in=72.27pt=25.4mm, 1cm=28.453pt)

\AtBeginShipoutBox=\box49
Package hyperref Info: Link coloring ON on input line 224.
(/usr/local/texlive/2019/texmf-dist/tex/latex/hyperref/nameref.sty
Package: nameref 2016/05/21 v2.44 Cross-referencing by name of section

(/usr/local/texlive/2019/texmf-dist/tex/generic/oberdiek/gettitlestring.sty
Package: gettitlestring 2016/05/16 v1.5 Cleanup title references (HO)
)
\c@section@level=\count137
)
LaTeX Info: Redefining \ref on input line 224.
LaTeX Info: Redefining \pageref on input line 224.
LaTeX Info: Redefining \nameref on input line 224.

(./studienprojekt.out) (./studienprojekt.out)
\@outlinefile=\write5
\openout5 = `studienprojekt.out'.

Package hyperref Info: Option `pageanchor' set `false' on input line 227.
LaTeX Font Info:    Try loading font information for T1+phv on input line 227.

(/usr/local/texlive/2019/texmf-dist/tex/latex/psnfss/t1phv.fd
File: t1phv.fd 2001/06/04 scalable font definitions for T1/phv.
)
LaTeX Font Info:    Font shape `T1/phv/bx/n' in size <10> not available
(Font)              Font shape `T1/phv/b/n' tried instead on input line 227.
LaTeX Font Info:    Font shape `T1/phv/bx/n' in size <24.88> not available
(Font)              Font shape `T1/phv/b/n' tried instead on input line 227.
LaTeX Font Info:    Font shape `T1/phv/bx/it' in size <10> not available
(Font)              Font shape `T1/phv/b/it' tried instead on input line 227.
LaTeX Font Info:    Font shape `T1/phv/b/it' in size <10> not available
(Font)              Font shape `T1/phv/b/sl' tried instead on input line 227.
LaTeX Font Info:    Font shape `T1/phv/bx/it' in size <17.28> not available
(Font)              Font shape `T1/phv/b/it' tried instead on input line 227.
LaTeX Font Info:    Font shape `T1/phv/b/it' in size <17.28> not available
(Font)              Font shape `T1/phv/b/sl' tried instead on input line 227.
LaTeX Font Info:    Font shape `T1/phv/bx/n' in size <17.28> not available
(Font)              Font shape `T1/phv/b/n' tried instead on input line 227.
<<ot1.cmap>><<oml.cmap>><<oms.cmap>><<omx.cmap>>
LaTeX Font Info:    Try loading font information for U+msa on input line 227.

(/usr/local/texlive/2019/texmf-dist/tex/latex/amsfonts/umsa.fd
File: umsa.fd 2013/01/14 v3.01 AMS symbols A
)
LaTeX Font Info:    Try loading font information for U+msb on input line 227.

(/usr/local/texlive/2019/texmf-dist/tex/latex/amsfonts/umsb.fd
File: umsb.fd 2013/01/14 v3.01 AMS symbols B
)
LaTeX Font Info:    Font shape `T1/phv/bx/n' in size <12> not available
(Font)              Font shape `T1/phv/b/n' tried instead on input line 227.
 [1

{/usr/local/texlive/2019/texmf-var/fonts/map/pdftex/updmap/pdftex.map}] [2


]
LaTeX Font Info:    Font shape `T1/phv/bx/n' in size <14.4> not available
(Font)              Font shape `T1/phv/b/n' tried instead on input line 229.

(./studienprojekt.toc
LaTeX Font Info:    Font shape `T1/ptm/bx/n' in size <10> not available
(Font)              Font shape `T1/ptm/b/n' tried instead on input line 2.
)
\tf@toc=\write6
\openout6 = `studienprojekt.toc'.

 [1

] [2

]
Chapter 1.
LaTeX Font Info:    Try loading font information for T1+pcr on input line 246.
(/usr/local/texlive/2019/texmf-dist/tex/latex/psnfss/t1pcr.fd
File: t1pcr.fd 2001/06/04 font definitions for T1/pcr.
)
LaTeX Font Info:    Font shape `T1/pcr/bx/n' in size <9> not available
(Font)              Font shape `T1/pcr/b/n' tried instead on input line 247.
LaTeX Font Info:    Font shape `T1/pcr/m/it' in size <9> not available
(Font)              Font shape `T1/pcr/m/sl' tried instead on input line 265.
 [1

]
<examples_Grid_points_3_0.png, id=162, 905.3825pt x 981.6675pt>
File: examples_Grid_points_3_0.png Graphic file (type png)
<use examples_Grid_points_3_0.png>
Package pdftex.def Info: examples_Grid_points_3_0.png  used on input line 346.
(pdftex.def)             Requested size: 469.75168pt x 509.33163pt.

Underfull \vbox (badness 10000) detected at line 348
 []

[2] [3 <./examples_Grid_points_3_0.png>]
Underfull \vbox (badness 1342) detected at line 454
 []

[4]
<examples_Grid_points_7_0.png, id=180, 905.3825pt x 981.6675pt>
File: examples_Grid_points_7_0.png Graphic file (type png)
<use examples_Grid_points_7_0.png>
Package pdftex.def Info: examples_Grid_points_7_0.png  used on input line 464.
(pdftex.def)             Requested size: 469.75168pt x 509.33163pt.

Underfull \vbox (badness 10000) detected at line 466
 []

[5] [6 <./examples_Grid_points_7_0.png>]
Chapter 2.
[7

]
<examples_Proof_of_principle_2_0.png, id=194, 915.42pt x 263.98625pt>
File: examples_Proof_of_principle_2_0.png Graphic file (type png)
<use examples_Proof_of_principle_2_0.png>
Package pdftex.def Info: examples_Proof_of_principle_2_0.png  used on input lin
e 567.
(pdftex.def)             Requested size: 469.74944pt x 135.46501pt.
<examples_Proof_of_principle_2_1.png, id=195, 904.37875pt x 263.98625pt>
File: examples_Proof_of_principle_2_1.png Graphic file (type png)
<use examples_Proof_of_principle_2_1.png>
Package pdftex.def Info: examples_Proof_of_principle_2_1.png  used on input lin
e 578.
(pdftex.def)             Requested size: 469.75528pt x 137.12056pt.
<examples_Proof_of_principle_2_2.png, id=196, 904.37875pt x 263.98625pt>
File: examples_Proof_of_principle_2_2.png Graphic file (type png)
<use examples_Proof_of_principle_2_2.png>
Package pdftex.def Info: examples_Proof_of_principle_2_2.png  used on input lin
e 589.
(pdftex.def)             Requested size: 469.75528pt x 137.12056pt.

Underfull \vbox (badness 10000) detected at line 591
 []

[8 <./examples_Proof_of_principle_2_0.png> <./examples_Proof_of_principle_2_1.p
ng>]
<examples_Proof_of_principle_2_3.png, id=203, 915.42pt x 263.98625pt>
File: examples_Proof_of_principle_2_3.png Graphic file (type png)
<use examples_Proof_of_principle_2_3.png>
Package pdftex.def Info: examples_Proof_of_principle_2_3.png  used on input lin
e 600.
(pdftex.def)             Requested size: 469.74944pt x 135.46501pt.
<examples_Proof_of_principle_2_4.png, id=204, 915.42pt x 263.98625pt>
File: examples_Proof_of_principle_2_4.png Graphic file (type png)
<use examples_Proof_of_principle_2_4.png>
Package pdftex.def Info: examples_Proof_of_principle_2_4.png  used on input lin
e 611.
(pdftex.def)             Requested size: 469.74944pt x 135.46501pt.
 [9 <./examples_Proof_of_principle_2_2.png> <./examples_Proof_of_principle_2_3.
png> <./examples_Proof_of_principle_2_4.png>]
<examples_Proof_of_principle_6_0.png, id=213, 930.47626pt x 263.98625pt>
File: examples_Proof_of_principle_6_0.png Graphic file (type png)
<use examples_Proof_of_principle_6_0.png>
Package pdftex.def Info: examples_Proof_of_principle_6_0.png  used on input lin
e 696.
(pdftex.def)             Requested size: 469.75192pt x 133.27373pt.

Underfull \vbox (badness 10000) detected at line 698
 []

[10]
<examples_Proof_of_principle_6_1.png, id=218, 907.39pt x 263.98625pt>
File: examples_Proof_of_principle_6_1.png Graphic file (type png)
<use examples_Proof_of_principle_6_1.png>
Package pdftex.def Info: examples_Proof_of_principle_6_1.png  used on input lin
e 707.
(pdftex.def)             Requested size: 469.75482pt x 136.66539pt.
<examples_Proof_of_principle_6_2.png, id=219, 907.39pt x 263.98625pt>
File: examples_Proof_of_principle_6_2.png Graphic file (type png)
<use examples_Proof_of_principle_6_2.png>
Package pdftex.def Info: examples_Proof_of_principle_6_2.png  used on input lin
e 718.
(pdftex.def)             Requested size: 469.75482pt x 136.66539pt.
<examples_Proof_of_principle_6_3.png, id=220, 907.39pt x 263.98625pt>
File: examples_Proof_of_principle_6_3.png Graphic file (type png)
<use examples_Proof_of_principle_6_3.png>
Package pdftex.def Info: examples_Proof_of_principle_6_3.png  used on input lin
e 729.
(pdftex.def)             Requested size: 469.75482pt x 136.66539pt.
<examples_Proof_of_principle_6_4.png, id=221, 907.39pt x 263.98625pt>
File: examples_Proof_of_principle_6_4.png Graphic file (type png)
<use examples_Proof_of_principle_6_4.png>
Package pdftex.def Info: examples_Proof_of_principle_6_4.png  used on input lin
e 740.
(pdftex.def)             Requested size: 469.75482pt x 136.66539pt.

Underfull \vbox (badness 10000) detected at line 742
 []

[11 <./examples_Proof_of_principle_6_0.png> <./examples_Proof_of_principle_6_1.
png> <./examples_Proof_of_principle_6_2.png> <./examples_Proof_of_principle_6_3
.png>]
LaTeX Font Info:    Try loading font information for TS1+pcr on input line 764.

 (/usr/local/texlive/2019/texmf-dist/tex/latex/psnfss/ts1pcr.fd
File: ts1pcr.fd 2001/06/04 font definitions for TS1/pcr.
)
Overfull \vbox (1.9792pt too high) detected at line 793
 []

[12 <./examples_Proof_of_principle_6_4.png>]
<examples_Proof_of_principle_11_0.png, id=238, 917.4275pt x 485.815pt>
File: examples_Proof_of_principle_11_0.png Graphic file (type png)
<use examples_Proof_of_principle_11_0.png>
Package pdftex.def Info: examples_Proof_of_principle_11_0.png  used on input li
ne 803.
(pdftex.def)             Requested size: 469.75769pt x 248.7557pt.

Overfull \vbox (2.59506pt too high) detected at line 853
 []

[13 <./examples_Proof_of_principle_11_0.png>]
<examples_Proof_of_principle_15_0.png, id=245, 926.46124pt x 980.66376pt>
File: examples_Proof_of_principle_15_0.png Graphic file (type png)
<use examples_Proof_of_principle_15_0.png>
Package pdftex.def Info: examples_Proof_of_principle_15_0.png  used on input li
ne 863.
(pdftex.def)             Requested size: 469.7606pt x 497.24391pt.

Underfull \vbox (badness 10000) detected at line 865
 []

[14] [15 <./examples_Proof_of_principle_15_0.png>]
<examples_Proof_of_principle_17_0.png, id=256, 942.52126pt x 485.815pt>
File: examples_Proof_of_principle_17_0.png Graphic file (type png)
<use examples_Proof_of_principle_17_0.png>
Package pdftex.def Info: examples_Proof_of_principle_17_0.png  used on input li
ne 915.
(pdftex.def)             Requested size: 469.76378pt x 242.13596pt.
 [16 <./examples_Proof_of_principle_17_0.png>]
LaTeX Font Info:    Font shape `TS1/pcr/m/it' in size <9> not available
(Font)              Font shape `TS1/pcr/m/sl' tried instead on input line 923.
 [17] [18

]
Chapter 3.

Package hyperref Warning: Token not allowed in a PDF string (Unicode):
(hyperref)                removing `math shift' on input line 986.


Package hyperref Warning: Token not allowed in a PDF string (Unicode):
(hyperref)                removing `\pi' on input line 986.

[19] [20]
Underfull \vbox (badness 10000) detected at line 1181
 []

[21]
<examples_Approxim_pi_6_0.png, id=284, 886.31125pt x 981.6675pt>
File: examples_Approxim_pi_6_0.png Graphic file (type png)
<use examples_Approxim_pi_6_0.png>
Package pdftex.def Info: examples_Approxim_pi_6_0.png  used on input line 1191.

(pdftex.def)             Requested size: 469.75624pt x 520.29628pt.

Underfull \vbox (badness 10000) detected at line 1193
 []

[22] [23 <./examples_Approxim_pi_6_0.png>]
<examples_Approxim_pi_8_0.png, id=294, 915.42pt x 346.29375pt>
File: examples_Approxim_pi_8_0.png Graphic file (type png)
<use examples_Approxim_pi_8_0.png>
Package pdftex.def Info: examples_Approxim_pi_8_0.png  used on input line 1238.

(pdftex.def)             Requested size: 469.74944pt x 177.70125pt.
 [24 <./examples_Approxim_pi_8_0.png>]
Chapter 4.
[25

]
<examples_Stat_evaluation_for_prob_quad__7_0.png, id=305, 1165.35374pt x 546.04
pt>
File: examples_Stat_evaluation_for_prob_quad__7_0.png Graphic file (type png)
<use examples_Stat_evaluation_for_prob_quad__7_0.png>
Package pdftex.def Info: examples_Stat_evaluation_for_prob_quad__7_0.png  used 
on input line 1330.
(pdftex.def)             Requested size: 469.74295pt x 220.1035pt.
<examples_Stat_evaluation_for_prob_quad__7_1.png, id=306, 1165.35374pt x 489.83
pt>
File: examples_Stat_evaluation_for_prob_quad__7_1.png Graphic file (type png)
<use examples_Stat_evaluation_for_prob_quad__7_1.png>
Package pdftex.def Info: examples_Stat_evaluation_for_prob_quad__7_1.png  used 
on input line 1341.
(pdftex.def)             Requested size: 469.74295pt x 197.44579pt.
<examples_Stat_evaluation_for_prob_quad__7_2.png, id=307, 1165.35374pt x 489.83
pt>
File: examples_Stat_evaluation_for_prob_quad__7_2.png Graphic file (type png)
<use examples_Stat_evaluation_for_prob_quad__7_2.png>
Package pdftex.def Info: examples_Stat_evaluation_for_prob_quad__7_2.png  used 
on input line 1352.
(pdftex.def)             Requested size: 469.74295pt x 197.44579pt.

Underfull \vbox (badness 10000) detected at line 1354
 []

[26 <./examples_Stat_evaluation_for_prob_quad__7_0.png> <./examples_Stat_evalua
tion_for_prob_quad__7_1.png>] [27 <./examples_Stat_evaluation_for_prob_quad__7_
2.png>]
<examples_Stat_evaluation_for_prob_quad__12_0.png, id=321, 1165.35374pt x 546.0
4pt>
File: examples_Stat_evaluation_for_prob_quad__12_0.png Graphic file (type png)
<use examples_Stat_evaluation_for_prob_quad__12_0.png>
Package pdftex.def Info: examples_Stat_evaluation_for_prob_quad__12_0.png  used
 on input line 1405.
(pdftex.def)             Requested size: 469.74295pt x 220.1035pt.
<examples_Stat_evaluation_for_prob_quad__12_1.png, id=322, 1165.35374pt x 489.8
3pt>
File: examples_Stat_evaluation_for_prob_quad__12_1.png Graphic file (type png)
<use examples_Stat_evaluation_for_prob_quad__12_1.png>
Package pdftex.def Info: examples_Stat_evaluation_for_prob_quad__12_1.png  used
 on input line 1416.
(pdftex.def)             Requested size: 469.74295pt x 197.44579pt.
<examples_Stat_evaluation_for_prob_quad__12_2.png, id=323, 1165.35374pt x 489.8
3pt>
File: examples_Stat_evaluation_for_prob_quad__12_2.png Graphic file (type png)
<use examples_Stat_evaluation_for_prob_quad__12_2.png>
Package pdftex.def Info: examples_Stat_evaluation_for_prob_quad__12_2.png  used
 on input line 1427.
(pdftex.def)             Requested size: 469.74295pt x 197.44579pt.
 [28 <./examples_Stat_evaluation_for_prob_quad__12_0.png> <./examples_Stat_eval
uation_for_prob_quad__12_1.png> <./examples_Stat_evaluation_for_prob_quad__12_2
.png>] [29]
<examples_Stat_evaluation_for_prob_quad__16_0.png, id=335, 930.47626pt x 402.50
375pt>
File: examples_Stat_evaluation_for_prob_quad__16_0.png Graphic file (type png)
<use examples_Stat_evaluation_for_prob_quad__16_0.png>
Package pdftex.def Info: examples_Stat_evaluation_for_prob_quad__16_0.png  used
 on input line 1531.
(pdftex.def)             Requested size: 469.75192pt x 203.20444pt.

Underfull \vbox (badness 2050) detected at line 1611
 []

[30 <./examples_Stat_evaluation_for_prob_quad__16_0.png>]
Underfull \vbox (badness 10000) detected at line 1611
 []


Overfull \vbox (2.68169pt too high) detected at line 1611
 []

[31]
<examples_Stat_evaluation_for_prob_quad__18_0.png, id=345, 927.465pt x 402.5037
5pt>
File: examples_Stat_evaluation_for_prob_quad__18_0.png Graphic file (type png)
<use examples_Stat_evaluation_for_prob_quad__18_0.png>
Package pdftex.def Info: examples_Stat_evaluation_for_prob_quad__18_0.png  used
 on input line 1621.
(pdftex.def)             Requested size: 469.7601pt x 203.86774pt.

Underfull \vbox (badness 1038) detected at line 1698
 []


Overfull \vbox (6.9494pt too high) detected at line 1698
 []

[32 <./examples_Stat_evaluation_for_prob_quad__18_0.png>]
Underfull \vbox (badness 10000) detected at line 1698
 []


Overfull \vbox (2.68169pt too high) detected at line 1698
 []

[33]
<examples_Stat_evaluation_for_prob_quad__20_0.png, id=357, 927.465pt x 402.5037
5pt>
File: examples_Stat_evaluation_for_prob_quad__20_0.png Graphic file (type png)
<use examples_Stat_evaluation_for_prob_quad__20_0.png>
Package pdftex.def Info: examples_Stat_evaluation_for_prob_quad__20_0.png  used
 on input line 1708.
(pdftex.def)             Requested size: 469.7601pt x 203.86774pt.
 [34 <./examples_Stat_evaluation_for_prob_quad__20_0.png>]
Chapter 5.
LaTeX Font Info:    Try loading font information for TS1+ptm on input line 1800
.
(/usr/local/texlive/2019/texmf-dist/tex/latex/psnfss/ts1ptm.fd
File: ts1ptm.fd 2001/06/04 font definitions for TS1/ptm.
)
! Missing $ inserted.
<inserted text> 
                $
l.1800 ...od\textasciigrave{}\{d\}}\{k=1\} 2 \cdot
                                                   `:nbsphinx-math:sin\texta...

? 

LaTeX Warning: Command \textasciigrave invalid in math mode on input line 1800.



LaTeX Warning: Command \textasciigrave invalid in math mode on input line 1800.



LaTeX Warning: Command \textasciicircum invalid in math mode on input line 1800
.


LaTeX Warning: Command \textasciigrave invalid in math mode on input line 1800.



LaTeX Warning: Command \textasciigrave invalid in math mode on input line 1800.



! LaTeX Error: Bad math environment delimiter.

See the LaTeX manual or LaTeX Companion for explanation.
Type  H <return>  for immediate help.
 ...                                              
                                                  
l.1800 ...ermined analytically to be 1 for even \(
                                                  r\) and \(d \in \mathbb{N}...

? 
[35

] [36] [37]
<examples_Periodic_function_7_0.png, id=380, 918.43124pt x 410.53375pt>
File: examples_Periodic_function_7_0.png Graphic file (type png)
<use examples_Periodic_function_7_0.png>
Package pdftex.def Info: examples_Periodic_function_7_0.png  used on input line
 2108.
(pdftex.def)             Requested size: 469.75311pt x 209.97707pt.

Underfull \vbox (badness 10000) detected at line 2110
 []

[38]

Package hyperref Warning: Token not allowed in a PDF string (Unicode):
(hyperref)                removing `math shift' on input line 2115.


Package hyperref Warning: Token not allowed in a PDF string (Unicode):
(hyperref)                removing `\in' on input line 2115.


Package hyperref Warning: Token not allowed in a PDF string (Unicode):
(hyperref)                removing `superscript' on input line 2115.


Package hyperref Warning: Token not allowed in a PDF string (Unicode):
(hyperref)                removing `math shift' on input line 2115.

[39 <./examples_Periodic_function_7_0.png>]
<examples_Periodic_function_10_0.png, id=392, 922.44624pt x 1601.985pt>
File: examples_Periodic_function_10_0.png Graphic file (type png)
<use examples_Periodic_function_10_0.png>
Package pdftex.def Info: examples_Periodic_function_10_0.png  used on input lin
e 2197.
(pdftex.def)             Requested size: 363.70776pt x 631.64049pt.

Underfull \vbox (badness 10000) detected at line 2199
 []

[40] [41 <./examples_Periodic_function_10_0.png>] [42]
Chapter 6.
[43

]
Underfull \vbox (badness 10000) detected at line 2426
 []


Underfull \vbox (badness 10000) detected at line 2426
 []

[44]
Underfull \vbox (badness 10000) detected at line 2426
 []


Overfull \vbox (2.68169pt too high) detected at line 2426
 []

[45]
<examples_Pertubated_Coulomb_Potential_5_0.png, id=419, 958.58125pt x 795.97375
pt>
File: examples_Pertubated_Coulomb_Potential_5_0.png Graphic file (type png)
<use examples_Pertubated_Coulomb_Potential_5_0.png>
Package pdftex.def Info: examples_Pertubated_Coulomb_Potential_5_0.png  used on
 input line 2436.
(pdftex.def)             Requested size: 469.7528pt x 390.06699pt.

Underfull \vbox (badness 10000) detected at line 2438
 []

[46]
<examples_Pertubated_Coulomb_Potential_5_1.png, id=424, 923.45pt x 795.97375pt>

File: examples_Pertubated_Coulomb_Potential_5_1.png Graphic file (type png)
<use examples_Pertubated_Coulomb_Potential_5_1.png>
Package pdftex.def Info: examples_Pertubated_Coulomb_Potential_5_1.png  used on
 input line 2447.
(pdftex.def)             Requested size: 469.75555pt x 404.90887pt.

Underfull \vbox (badness 10000) detected at line 2449
 []

[47 <./examples_Pertubated_Coulomb_Potential_5_0.png>]
<examples_Pertubated_Coulomb_Potential_5_2.png, id=430, 917.4275pt x 795.97375p
t>
File: examples_Pertubated_Coulomb_Potential_5_2.png Graphic file (type png)
<use examples_Pertubated_Coulomb_Potential_5_2.png>
Package pdftex.def Info: examples_Pertubated_Coulomb_Potential_5_2.png  used on
 input line 2458.
(pdftex.def)             Requested size: 469.75769pt x 407.56876pt.

Underfull \vbox (badness 10000) detected at line 2460
 []

[48 <./examples_Pertubated_Coulomb_Potential_5_1.png>]
<examples_Pertubated_Coulomb_Potential_5_3.png, id=436, 918.43124pt x 795.97375
pt>
File: examples_Pertubated_Coulomb_Potential_5_3.png Graphic file (type png)
<use examples_Pertubated_Coulomb_Potential_5_3.png>
Package pdftex.def Info: examples_Pertubated_Coulomb_Potential_5_3.png  used on
 input line 2469.
(pdftex.def)             Requested size: 469.75311pt x 407.11937pt.

Underfull \vbox (badness 10000) detected at line 2471
 []

[49 <./examples_Pertubated_Coulomb_Potential_5_2.png>]
<examples_Pertubated_Coulomb_Potential_5_4.png, id=442, 917.4275pt x 795.97375p
t>
File: examples_Pertubated_Coulomb_Potential_5_4.png Graphic file (type png)
<use examples_Pertubated_Coulomb_Potential_5_4.png>
Package pdftex.def Info: examples_Pertubated_Coulomb_Potential_5_4.png  used on
 input line 2480.
(pdftex.def)             Requested size: 469.75769pt x 407.56876pt.

Underfull \vbox (badness 10000) detected at line 2482
 []

[50 <./examples_Pertubated_Coulomb_Potential_5_3.png>]
<examples_Pertubated_Coulomb_Potential_5_5.png, id=448, 915.42pt x 795.97375pt>

File: examples_Pertubated_Coulomb_Potential_5_5.png Graphic file (type png)
<use examples_Pertubated_Coulomb_Potential_5_5.png>
Package pdftex.def Info: examples_Pertubated_Coulomb_Potential_5_5.png  used on
 input line 2491.
(pdftex.def)             Requested size: 469.74944pt x 408.45538pt.

Underfull \vbox (badness 10000) detected at line 2493
 []

[51 <./examples_Pertubated_Coulomb_Potential_5_4.png>] [52 <./examples_Pertubat
ed_Coulomb_Potential_5_5.png>]
<examples_Pertubated_Coulomb_Potential_8_0.png, id=460, 1073.00874pt x 671.5087
4pt>
File: examples_Pertubated_Coulomb_Potential_8_0.png Graphic file (type png)
<use examples_Pertubated_Coulomb_Potential_8_0.png>
Package pdftex.def Info: examples_Pertubated_Coulomb_Potential_8_0.png  used on
 input line 2558.
(pdftex.def)             Requested size: 469.75125pt x 293.97903pt.

Underfull \vbox (badness 10000) detected at line 2560
 []

[53] [54 <./examples_Pertubated_Coulomb_Potential_8_0.png>] [55] [56

]
Chapter 7.
[57]
Underfull \vbox (badness 10000) detected at line 2818
 []


Overfull \vbox (2.68169pt too high) detected at line 2818
 []

[58]
Underfull \vbox (badness 10000) detected at line 2818
 []


Overfull \vbox (2.68169pt too high) detected at line 2818
 []

[59] [60] [61] [62

]
Chapter 8.
LaTeX Font Info:    Font shape `T1/pcr/bx/n' in size <10> not available
(Font)              Font shape `T1/pcr/b/n' tried instead on input line 2914.

Overfull \hbox (2.8036pt too wide) in paragraph at lines 2927--2927
[]\T1/ptm/m/it/10 function_string_stat_calc:
 []


Underfull \hbox (badness 10000) in paragraph at lines 2927--2927
\T1/ptm/m/it/10 tion_list_quad: str\T1/ptm/m/n/10 ,
 []


Underfull \hbox (badness 10000) in paragraph at lines 2927--2927
\T1/ptm/m/it/10 file-name: str\T1/ptm/m/n/10 , \T1/ptm/m/it/10 de-
 []


Underfull \hbox (badness 10000) in paragraph at lines 2927--2927
\T1/ptm/m/it/10 gree_of_app_range:
 []


Underfull \hbox (badness 10000) in paragraph at lines 2927--2927
\T1/ptm/m/it/10 list\T1/ptm/m/n/10 , \T1/ptm/m/it/10 rep-e-ti-tions=1024\T1/ptm
/m/n/10 ,
 []


Underfull \hbox (badness 10000) in paragraph at lines 2927--2927
\T1/ptm/m/it/10 damp-ing=True\T1/ptm/m/n/10 , \T1/ptm/m/it/10 damp-
 []

LaTeX Font Info:    Font shape `T1/pcr/m/it' in size <10> not available
(Font)              Font shape `T1/pcr/m/sl' tried instead on input line 2933.

Underfull \hbox (badness 10000) in paragraph at lines 2983--2983
[]\T1/ptm/m/it/10 function_string_control:
 []


Underfull \hbox (badness 10000) in paragraph at lines 2983--2983
\T1/ptm/m/it/10 str\T1/ptm/m/n/10 , \T1/ptm/m/it/10 vari-
 []


Underfull \hbox (badness 10000) in paragraph at lines 2983--2983
\T1/ptm/m/it/10 ables_string_control:
 []


Underfull \hbox (badness 10000) in paragraph at lines 2983--2983
\T1/ptm/m/it/10 str\T1/ptm/m/n/10 , \T1/ptm/m/it/10 quadra-ture: str\T1/ptm/m/n
/10 ,
 []


Underfull \hbox (badness 10000) in paragraph at lines 2983--2983
\T1/ptm/m/it/10 func-tion_given=False\T1/ptm/m/n/10 ,
 []


Underfull \hbox (badness 10000) in paragraph at lines 2983--2983
\T1/ptm/m/it/10 ex-am-ple_2=False\T1/ptm/m/n/10 , \T1/ptm/m/it/10 a=0\T1/ptm/m/
n/10 ,
 []

[63]
Underfull \hbox (badness 5862) in paragraph at lines 3035--3035
\T1/ptm/m/it/10 is_rand=False\T1/ptm/m/n/10 , \T1/ptm/m/it/10 ex-am-ple_2=False
\T1/ptm/m/n/10 ,
 []

[64]
Underfull \hbox (badness 10000) in paragraph at lines 3074--3074
[]\T1/ptm/m/it/10 function_string: str\T1/ptm/m/n/10 , \T1/ptm/m/it/10 vari-
 []


Overfull \hbox (305.80028pt too wide) in paragraph at lines 3074--3074
\TS1/ptm/m/it/10 '\T1/ptm/m/it/10 /usr/local/Cellar/python@3.9/3.9.0_5/Framewor
ks/Python.framework/Versions/3.9/lib/python3.9/numbers.py\TS1/ptm/m/it/10 '\T1/
ptm/m/it/10 >\T1/ptm/m/n/10 ,
 []


Underfull \hbox (badness 10000) in paragraph at lines 3107--3107
[]\T1/ptm/m/it/10 f\T1/ptm/m/n/10 , \T1/ptm/m/it/10 quadra-ture: str\T1/ptm/m/n
/10 , \T1/ptm/m/it/10 vari-
 []


Underfull \hbox (badness 10000) in paragraph at lines 3107--3107
\T1/ptm/m/it/10 ables\T1/ptm/m/n/10 , \T1/ptm/m/it/10 q: int\T1/ptm/m/n/10 , \T
1/ptm/m/it/10 func-
 []


Underfull \hbox (badness 10000) in paragraph at lines 3107--3107
\T1/ptm/m/it/10 tion_string_error: str\T1/ptm/m/n/10 , \T1/ptm/m/it/10 a=0\T1/p
tm/m/n/10 ,
 []

[65]
Underfull \hbox (badness 10000) in paragraph at lines 3243--3243
[]\T1/ptm/m/it/10 current_vector:
 []


Underfull \hbox (badness 10000) in paragraph at lines 3243--3243
\T1/ptm/m/it/10 numpy.array\T1/ptm/m/n/10 ,
 []


Overfull \hbox (0.7637pt too wide) in paragraph at lines 3243--3243
\T1/ptm/m/it/10 pointer_current_position:
 []


Underfull \hbox (badness 10000) in paragraph at lines 3286--3286
\T1/ptm/m/it/10 used for Smolyak-
 []


Underfull \hbox (badness 10000) in paragraph at lines 3286--3286
\T1/ptm/m/it/10 algorithm\TS1/ptm/m/it/10 '\T1/ptm/m/n/10 , \T1/ptm/m/it/10 in-

 []


Underfull \hbox (badness 10000) in paragraph at lines 3286--3286
\T1/ptm/m/it/10 put_list=False\T1/ptm/m/n/10 , \T1/ptm/m/it/10 a=0\T1/ptm/m/n/1
0 ,
 []

[66]
Underfull \hbox (badness 10000) in paragraph at lines 3362--3362
[]\T1/ptm/m/it/10 current_vector: numpy.array\T1/ptm/m/n/10 ,
 []


Underfull \hbox (badness 10000) in paragraph at lines 3362--3362
\T1/ptm/m/it/10 pointer_current_position: int\T1/ptm/m/n/10 ,
 []

[67] [68]
Underfull \hbox (badness 10000) in paragraph at lines 3555--3557
[]\T1/ptm/m/n/10 with stan-dard-ized vari-
 []


Underfull \hbox (badness 10000) in paragraph at lines 3589--3591
[]
 []

[69] [70] [71] [72

]
Underfull \hbox (badness 10000) in paragraph at lines 3729--3730
[]\T1/pcr/m/n/10 Studienprojekt_Smolyak_qmc_one_point\T1/ptm/m/n/10 ,
 []

[73


] (./studienprojekt.ind [74


]
Underfull \hbox (badness 10000) in paragraph at lines 12--14
[]\T1/pcr/m/n/10 cost_smolyak() \T1/ptm/m/n/10 (\T1/ptm/m/it/10 in mod-ule Stu-
di-en-pro-
 []


Underfull \hbox (badness 10000) in paragraph at lines 17--19
[]\T1/pcr/m/n/10 epsilon_cost() \T1/ptm/m/n/10 (\T1/ptm/m/it/10 in mod-ule Stu-
di-en-pro-
 []


Underfull \hbox (badness 10000) in paragraph at lines 19--21
[]\T1/pcr/m/n/10 error_smolyak() \T1/ptm/m/n/10 (\T1/ptm/m/it/10 in mod-ule Stu
-di-en-pro-
 []


Underfull \hbox (badness 10000) in paragraph at lines 24--26
[]\T1/pcr/m/n/10 fast_eps_cost() \T1/ptm/m/n/10 (\T1/ptm/m/it/10 in mod-ule Stu
-di-en-pro-
 []


Underfull \hbox (badness 5563) in paragraph at lines 26--28
\T1/ptm/m/it/10 ule Stu-di-en-pro-jekt_Smolyak_qmc_one_point\T1/ptm/m/n/10 ),
 []


Underfull \hbox (badness 10000) in paragraph at lines 35--37
[]\T1/pcr/m/n/10 load_stat_data() \T1/ptm/m/n/10 (\T1/ptm/m/it/10 in mod-ule St
u-di-en-pro-
 []


Overfull \hbox (8.6225pt too wide) in paragraph at lines 43--44
[]| \T1/pcr/m/n/10 Studienprojekt_Smolyak_qmc_one_point\T1/ptm/m/n/10 ,
 []


Underfull \hbox (badness 10000) in paragraph at lines 44--46
[]\T1/pcr/m/n/10 monte_carlo_quad() \T1/ptm/m/n/10 (\T1/ptm/m/it/10 in mod-ule 
Stu-di-en-pro-
 []


Underfull \hbox (badness 10000) in paragraph at lines 49--51
[]\T1/pcr/m/n/10 next_step() \T1/ptm/m/n/10 (\T1/ptm/m/it/10 in mod-ule Stu-di-
en-pro-
 []


Underfull \hbox (badness 10000) in paragraph at lines 61--63
[]\T1/pcr/m/n/10 qmc_quad() \T1/ptm/m/n/10 (\T1/ptm/m/it/10 in mod-ule Stu-di-e
n-pro-
 []


Underfull \hbox (badness 10000) in paragraph at lines 66--68
[]\T1/pcr/m/n/10 rewrite_function() \T1/ptm/m/n/10 (\T1/ptm/m/it/10 in mod-ule 
Stu-di-en-pro-
 []


Underfull \hbox (badness 10000) in paragraph at lines 71--73
[]\T1/pcr/m/n/10 slice_find() \T1/ptm/m/n/10 (\T1/ptm/m/it/10 in mod-ule Stu-di
-en-pro-
 []


Underfull \hbox (badness 10000) in paragraph at lines 73--75
[]\T1/pcr/m/n/10 smolyak() \T1/ptm/m/n/10 (\T1/ptm/m/it/10 in mod-ule Stu-di-en
-pro-
 []


Underfull \hbox (badness 10000) in paragraph at lines 75--77
[]\T1/pcr/m/n/10 sort_tuples() \T1/ptm/m/n/10 (\T1/ptm/m/it/10 in mod-ule Stu-d
i-en-pro-
 []


Underfull \hbox (badness 10000) in paragraph at lines 79--81
[]\T1/pcr/m/n/10 sum_tuple_shape() \T1/ptm/m/n/10 (\T1/ptm/m/it/10 in mod-ule S
tu-di-en-pro-
 []


Underfull \hbox (badness 10000) in paragraph at lines 84--86
[]\T1/pcr/m/n/10 View() \T1/ptm/m/n/10 (\T1/ptm/m/it/10 in mod-ule Stu-di-en-pr
o-
 []

[75

])
Package atveryend Info: Empty hook `BeforeClearDocument' on input line 3734.
Package atveryend Info: Empty hook `AfterLastShipout' on input line 3734.
 (./studienprojekt.aux)
Package atveryend Info: Executing hook `AtVeryEndDocument' on input line 3734.
Package atveryend Info: Executing hook `AtEndAfterFileList' on input line 3734.



Package rerunfilecheck Warning: File `studienprojekt.out' has changed.
(rerunfilecheck)                Rerun to get outlines right
(rerunfilecheck)                or use package `bookmark'.

Package rerunfilecheck Info: Checksums for `studienprojekt.out':
(rerunfilecheck)             Before: 7C0802C417617162F91D9597D80BA708;5011
(rerunfilecheck)             After:  D9B040BFD2DF42E4BD632B6F4CE42D6D;5082.
Package atveryend Info: Empty hook `AtVeryVeryEnd' on input line 3734.
 ) 
Here is how much of TeX's memory you used:
 13832 strings out of 492616
 201873 string characters out of 6129481
 489411 words of memory out of 5000000
 17265 multiletter control sequences out of 15000+600000
 64157 words of font info for 92 fonts, out of 8000000 for 9000
 1142 hyphenation exceptions out of 8191
 37i,18n,45p,1325b,597s stack positions out of 5000i,500n,10000p,200000b,80000s
{/usr/local/texlive/2019/texmf-dist/fonts/enc/dvips/base/8r.enc}</usr/local/t
exlive/2019/texmf-dist/fonts/type1/public/amsfonts/cm/cmex10.pfb></usr/local/te
xlive/2019/texmf-dist/fonts/type1/public/amsfonts/cm/cmmi10.pfb></usr/local/tex
live/2019/texmf-dist/fonts/type1/public/amsfonts/cm/cmmi12.pfb></usr/local/texl
ive/2019/texmf-dist/fonts/type1/public/amsfonts/cm/cmmi5.pfb></usr/local/texliv
e/2019/texmf-dist/fonts/type1/public/amsfonts/cm/cmmi7.pfb></usr/local/texlive/
2019/texmf-dist/fonts/type1/public/amsfonts/cm/cmr10.pfb></usr/local/texlive/20
19/texmf-dist/fonts/type1/public/amsfonts/cm/cmr12.pfb></usr/local/texlive/2019
/texmf-dist/fonts/type1/public/amsfonts/cm/cmr5.pfb></usr/local/texlive/2019/te
xmf-dist/fonts/type1/public/amsfonts/cm/cmr7.pfb></usr/local/texlive/2019/texmf
-dist/fonts/type1/public/amsfonts/cm/cmsy10.pfb></usr/local/texlive/2019/texmf-
dist/fonts/type1/public/amsfonts/cm/cmsy5.pfb></usr/local/texlive/2019/texmf-di
st/fonts/type1/public/amsfonts/cm/cmsy7.pfb></usr/local/texlive/2019/texmf-dist
/fonts/type1/public/amsfonts/symbols/msbm10.pfb></usr/local/texlive/2019/texmf-
dist/fonts/type1/urw/courier/ucrb8a.pfb></usr/local/texlive/2019/texmf-dist/fon
ts/type1/urw/courier/ucrr8a.pfb></usr/local/texlive/2019/texmf-dist/fonts/type1
/urw/courier/ucrro8a.pfb></usr/local/texlive/2019/texmf-dist/fonts/type1/urw/he
lvetic/uhvb8a.pfb></usr/local/texlive/2019/texmf-dist/fonts/type1/urw/helvetic/
uhvr8a.pfb></usr/local/texlive/2019/texmf-dist/fonts/type1/urw/times/utmb8a.pfb
></usr/local/texlive/2019/texmf-dist/fonts/type1/urw/times/utmr8a.pfb></usr/loc
al/texlive/2019/texmf-dist/fonts/type1/urw/times/utmri8a.pfb>
Output written on studienprojekt.pdf (79 pages, 2008876 bytes).
PDF statistics:
 710 PDF objects out of 1000 (max. 8388607)
 527 compressed objects within 6 object streams
 133 named destinations out of 1000 (max. 500000)
 388 words of extra memory for PDF output out of 10000 (max. 10000000)

